<?xml version="1.0" encoding="UTF-8"?>
<!-- Generated by org.testng.reporters.JUnitReportReporter -->
<testsuite skipped="0" hostname="DESKTOP-AFOKGSJ" name="in.at.maven.firsttestscriptTest" tests="5" failures="0" timestamp="2022-11-26T14:29:33 IST" time="18.612" errors="0">
  <testcase name="test1" time="18.611" classname="in.at.maven.firsttestscriptTest"/>
  <system-out/>
  <testcase name="test2" time="0.000" classname="in.at.maven.firsttestscriptTest"/>
  <system-out/>
  <testcase name="test5" time="0.001" classname="in.at.maven.firsttestscriptTest"/>
  <system-out/>
  <testcase name="test4" time="0.000" classname="in.at.maven.firsttestscriptTest"/>
  <system-out/>
  <testcase name="test3" time="0.000" classname="in.at.maven.firsttestscriptTest"/>
  <system-out/>
</testsuite> <!-- in.at.maven.firsttestscriptTest -->
